0 info it worked if it ends with ok
1 verbose cli [ '/usr/bin/nodejs',
1 verbose cli   '/usr/local/bin/npm',
1 verbose cli   'install',
1 verbose cli   'jsonwebtokenerror' ]
2 info using npm@3.7.2
3 info using node@v5.6.0
4 silly loadCurrentTree Starting
5 silly install loadCurrentTree
6 silly install readLocalPackageData
7 silly fetchPackageMetaData jsonwebtokenerror
8 silly fetchNamedPackageData jsonwebtokenerror
9 silly mapToRegistry name jsonwebtokenerror
10 silly mapToRegistry using default registry
11 silly mapToRegistry registry https://registry.npmjs.org/
12 silly mapToRegistry uri https://registry.npmjs.org/jsonwebtokenerror
13 verbose request uri https://registry.npmjs.org/jsonwebtokenerror
14 verbose request no auth needed
15 info attempt registry request try #1 at 1:07:38 PM
16 verbose request id f9c9cda16f58403a
17 http request GET https://registry.npmjs.org/jsonwebtokenerror
18 http 404 https://registry.npmjs.org/jsonwebtokenerror
19 verbose headers { 'content-type': 'application/json',
19 verbose headers   'cache-control': 'max-age=0',
19 verbose headers   'content-length': '2',
19 verbose headers   'accept-ranges': 'bytes',
19 verbose headers   date: 'Fri, 15 Apr 2016 11:07:38 GMT',
19 verbose headers   via: '1.1 varnish',
19 verbose headers   age: '0',
19 verbose headers   connection: 'keep-alive',
19 verbose headers   'x-served-by': 'cache-fra1222-FRA',
19 verbose headers   'x-cache': 'MISS',
19 verbose headers   'x-cache-hits': '0',
19 verbose headers   'x-timer': 'S1460718458.597130,VS0,VE192',
19 verbose headers   vary: 'Accept-Encoding' }
20 silly get cb [ 404,
20 silly get   { 'content-type': 'application/json',
20 silly get     'cache-control': 'max-age=0',
20 silly get     'content-length': '2',
20 silly get     'accept-ranges': 'bytes',
20 silly get     date: 'Fri, 15 Apr 2016 11:07:38 GMT',
20 silly get     via: '1.1 varnish',
20 silly get     age: '0',
20 silly get     connection: 'keep-alive',
20 silly get     'x-served-by': 'cache-fra1222-FRA',
20 silly get     'x-cache': 'MISS',
20 silly get     'x-cache-hits': '0',
20 silly get     'x-timer': 'S1460718458.597130,VS0,VE192',
20 silly get     vary: 'Accept-Encoding' } ]
21 silly fetchPackageMetaData Error: Registry returned 404 for GET on https://registry.npmjs.org/jsonwebtokenerror
21 silly fetchPackageMetaData     at makeError (/usr/local/lib/node_modules/npm/node_modules/npm-registry-client/lib/request.js:264:12)
21 silly fetchPackageMetaData     at CachingRegistryClient.<anonymous> (/usr/local/lib/node_modules/npm/node_modules/npm-registry-client/lib/request.js:242:14)
21 silly fetchPackageMetaData     at Request._callback (/usr/local/lib/node_modules/npm/node_modules/npm-registry-client/lib/request.js:172:14)
21 silly fetchPackageMetaData     at Request.self.callback (/usr/local/lib/node_modules/npm/node_modules/request/request.js:199:22)
21 silly fetchPackageMetaData     at emitTwo (events.js:100:13)
21 silly fetchPackageMetaData     at Request.emit (events.js:185:7)
21 silly fetchPackageMetaData     at Request.<anonymous> (/usr/local/lib/node_modules/npm/node_modules/request/request.js:1036:10)
21 silly fetchPackageMetaData     at emitOne (events.js:95:20)
21 silly fetchPackageMetaData     at Request.emit (events.js:182:7)
21 silly fetchPackageMetaData     at IncomingMessage.<anonymous> (/usr/local/lib/node_modules/npm/node_modules/request/request.js:963:12)
21 silly fetchPackageMetaData  error for jsonwebtokenerror { [Error: Registry returned 404 for GET on https://registry.npmjs.org/jsonwebtokenerror] pkgid: 'jsonwebtokenerror', statusCode: 404, code: 'E404' }
22 silly rollbackFailedOptional Starting
23 silly rollbackFailedOptional Finishing
24 silly runTopLevelLifecycles Starting
25 silly runTopLevelLifecycles Finishing
26 silly install printInstalled
27 verbose stack Error: Registry returned 404 for GET on https://registry.npmjs.org/jsonwebtokenerror
27 verbose stack     at makeError (/usr/local/lib/node_modules/npm/node_modules/npm-registry-client/lib/request.js:264:12)
27 verbose stack     at CachingRegistryClient.<anonymous> (/usr/local/lib/node_modules/npm/node_modules/npm-registry-client/lib/request.js:242:14)
27 verbose stack     at Request._callback (/usr/local/lib/node_modules/npm/node_modules/npm-registry-client/lib/request.js:172:14)
27 verbose stack     at Request.self.callback (/usr/local/lib/node_modules/npm/node_modules/request/request.js:199:22)
27 verbose stack     at emitTwo (events.js:100:13)
27 verbose stack     at Request.emit (events.js:185:7)
27 verbose stack     at Request.<anonymous> (/usr/local/lib/node_modules/npm/node_modules/request/request.js:1036:10)
27 verbose stack     at emitOne (events.js:95:20)
27 verbose stack     at Request.emit (events.js:182:7)
27 verbose stack     at IncomingMessage.<anonymous> (/usr/local/lib/node_modules/npm/node_modules/request/request.js:963:12)
28 verbose statusCode 404
29 verbose pkgid jsonwebtokenerror
30 verbose cwd /home/myhp/Desktop/SE Project/swissAir
31 error Linux 3.13.0-24-generic
32 error argv "/usr/bin/nodejs" "/usr/local/bin/npm" "install" "jsonwebtokenerror"
33 error node v5.6.0
34 error npm  v3.7.2
35 error code E404
36 error 404 Registry returned 404 for GET on https://registry.npmjs.org/jsonwebtokenerror
37 error 404
38 error 404 'jsonwebtokenerror' is not in the npm registry.
39 error 404 You should bug the author to publish it (or use the name yourself!)
40 error 404 Note that you can also install from a
41 error 404 tarball, folder, http url, or git url.
42 verbose exit [ 1, true ]
